<?xml version="1.0" encoding="UTF-8"?>
<testng-results ignored="0" total="2" passed="2" failed="0" skipped="0">
  <reporter-output>
  </reporter-output>
  <suite started-at="2022-12-26T17:59:13 IST" name="Suite" finished-at="2022-12-26T18:00:08 IST" duration-ms="54251">
    <groups>
    </groups>
    <test started-at="2022-12-26T17:59:13 IST" name="Test" finished-at="2022-12-26T18:00:08 IST" duration-ms="54251">
      <class name="com.qa.tests.ProductTests2">
        <test-method is-config="true" signature="beforeTest(java.lang.String,java.lang.String,java.lang.String,java.lang.String,java.lang.String,java.lang.String,java.lang.String,java.lang.String)[pri:0, instance:com.qa.tests.ProductTests2@49438269]" started-at="2022-12-26T17:59:13 IST" name="beforeTest" finished-at="2022-12-26T17:59:29 IST" duration-ms="15647" status="PASS">
          <params>
            <param index="0">
              <value>
                <![CDATA[true]]>
              </value>
            </param>
            <param index="1">
              <value>
                <![CDATA[Android]]>
              </value>
            </param>
            <param index="2">
              <value>
                <![CDATA[emulator-5554]]>
              </value>
            </param>
            <param index="3">
              <value>
                <![CDATA[Pixel_XL]]>
              </value>
            </param>
            <param index="4">
              <value>
                <![CDATA[10000]]>
              </value>
            </param>
            <param index="5">
              <value>
                <![CDATA[11000]]>
              </value>
            </param>
            <param index="6">
              <value>
                <![CDATA[iOSOnly]]>
              </value>
            </param>
            <param index="7">
              <value>
                <![CDATA[iOSOnly]]>
              </value>
            </param>
          </params>
          <reporter-output>
          </reporter-output>
        </test-method> <!-- beforeTest -->
        <test-method is-config="true" signature="beforeClass()[pri:0, instance:com.qa.tests.ProductTests2@49438269]" started-at="2022-12-26T17:59:29 IST" name="beforeClass" finished-at="2022-12-26T17:59:29 IST" duration-ms="5" status="PASS">
          <reporter-output>
          </reporter-output>
        </test-method> <!-- beforeClass -->
        <test-method is-config="true" signature="beforeMethod()[pri:0, instance:com.qa.tests.ProductTests2@49438269]" started-at="2022-12-26T17:59:29 IST" name="beforeMethod" finished-at="2022-12-26T17:59:31 IST" duration-ms="1640" status="PASS">
          <reporter-output>
          </reporter-output>
        </test-method> <!-- beforeMethod -->
        <test-method is-config="true" signature="beforeMethod(java.lang.reflect.Method)[pri:0, instance:com.qa.tests.ProductTests2@49438269]" started-at="2022-12-26T17:59:31 IST" name="beforeMethod" finished-at="2022-12-26T17:59:33 IST" duration-ms="2405" status="PASS">
          <params>
            <param index="0">
              <value>
                <![CDATA[public void com.qa.tests.ProductTests2.validateProductOnProductDetailsPage()]]>
              </value>
            </param>
          </params>
          <reporter-output>
          </reporter-output>
        </test-method> <!-- beforeMethod -->
        <test-method signature="validateProductOnProductDetailsPage()[pri:0, instance:com.qa.tests.ProductTests2@49438269]" started-at="2022-12-26T17:59:33 IST" name="validateProductOnProductDetailsPage" finished-at="2022-12-26T17:59:46 IST" duration-ms="13387" status="PASS">
          <reporter-output>
          </reporter-output>
        </test-method> <!-- validateProductOnProductDetailsPage -->
        <test-method is-config="true" signature="afterMethod()[pri:0, instance:com.qa.tests.ProductTests2@49438269]" started-at="2022-12-26T17:59:46 IST" name="afterMethod" finished-at="2022-12-26T17:59:48 IST" duration-ms="1892" status="PASS">
          <reporter-output>
          </reporter-output>
        </test-method> <!-- afterMethod -->
        <test-method is-config="true" signature="afterMethod(org.testng.ITestResult)[pri:0, instance:com.qa.tests.ProductTests2@49438269]" started-at="2022-12-26T17:59:48 IST" name="afterMethod" finished-at="2022-12-26T17:59:51 IST" duration-ms="2372" status="PASS">
          <params>
            <param index="0">
              <value>
                <![CDATA[[TestResult name=validateProductOnProductDetailsPage status=SUCCESS method=ProductTests2.validateProductOnProductDetailsPage()[pri:0, instance:com.qa.tests.ProductTests2@49438269] output={null}]]]>
              </value>
            </param>
          </params>
          <reporter-output>
          </reporter-output>
        </test-method> <!-- afterMethod -->
        <test-method is-config="true" signature="beforeMethod()[pri:0, instance:com.qa.tests.ProductTests2@49438269]" started-at="2022-12-26T17:59:51 IST" name="beforeMethod" finished-at="2022-12-26T17:59:52 IST" duration-ms="1105" status="PASS">
          <reporter-output>
          </reporter-output>
        </test-method> <!-- beforeMethod -->
        <test-method is-config="true" signature="beforeMethod(java.lang.reflect.Method)[pri:0, instance:com.qa.tests.ProductTests2@49438269]" started-at="2022-12-26T17:59:52 IST" name="beforeMethod" finished-at="2022-12-26T17:59:54 IST" duration-ms="1969" status="PASS">
          <params>
            <param index="0">
              <value>
                <![CDATA[public void com.qa.tests.ProductTests2.validateProductOnProductsPage()]]>
              </value>
            </param>
          </params>
          <reporter-output>
          </reporter-output>
        </test-method> <!-- beforeMethod -->
        <test-method signature="validateProductOnProductsPage()[pri:0, instance:com.qa.tests.ProductTests2@49438269]" started-at="2022-12-26T17:59:54 IST" name="validateProductOnProductsPage" finished-at="2022-12-26T18:00:02 IST" duration-ms="8146" status="PASS">
          <reporter-output>
          </reporter-output>
        </test-method> <!-- validateProductOnProductsPage -->
        <test-method is-config="true" signature="afterMethod()[pri:0, instance:com.qa.tests.ProductTests2@49438269]" started-at="2022-12-26T18:00:02 IST" name="afterMethod" finished-at="2022-12-26T18:00:04 IST" duration-ms="2154" status="PASS">
          <reporter-output>
          </reporter-output>
        </test-method> <!-- afterMethod -->
        <test-method is-config="true" signature="afterMethod(org.testng.ITestResult)[pri:0, instance:com.qa.tests.ProductTests2@49438269]" started-at="2022-12-26T18:00:04 IST" name="afterMethod" finished-at="2022-12-26T18:00:07 IST" duration-ms="2502" status="PASS">
          <params>
            <param index="0">
              <value>
                <![CDATA[[TestResult name=validateProductOnProductsPage status=SUCCESS method=ProductTests2.validateProductOnProductsPage()[pri:0, instance:com.qa.tests.ProductTests2@49438269] output={null}]]]>
              </value>
            </param>
          </params>
          <reporter-output>
          </reporter-output>
        </test-method> <!-- afterMethod -->
        <test-method is-config="true" signature="afterClass()[pri:0, instance:com.qa.tests.ProductTests2@49438269]" started-at="2022-12-26T18:00:07 IST" name="afterClass" finished-at="2022-12-26T18:00:07 IST" duration-ms="1" status="PASS">
          <reporter-output>
          </reporter-output>
        </test-method> <!-- afterClass -->
        <test-method is-config="true" signature="afterTest()[pri:0, instance:com.qa.tests.ProductTests2@49438269]" started-at="2022-12-26T18:00:07 IST" name="afterTest" finished-at="2022-12-26T18:00:08 IST" duration-ms="984" status="PASS">
          <reporter-output>
          </reporter-output>
        </test-method> <!-- afterTest -->
      </class> <!-- com.qa.tests.ProductTests2 -->
    </test> <!-- Test -->
  </suite> <!-- Suite -->
</testng-results>
