<?xml version="1.0" encoding="UTF-8"?>
<!-- Generated by org.testng.reporters.JUnitXMLReporter -->
<testsuite ignored="0" hostname="inlen8520023665" failures="0" tests="3" name="Test" time="87.735" errors="0" timestamp="2022-12-24T22:34:58 IST">
  <testcase classname="com.qa.tests.LoginTestsType4" name="invalidPassword" time="8.161"/>
  <testcase classname="com.qa.tests.LoginTestsType4" name="invalidUserName" time="7.203"/>
  <testcase classname="com.qa.tests.LoginTestsType4" name="successfulLogin" time="7.087"/>
</testsuite> <!-- Test -->
