<?xml version="1.0" encoding="UTF-8"?>
<!-- Generated by org.testng.reporters.JUnitXMLReporter -->
<testsuite ignored="0" hostname="inlen8520023665" failures="0" tests="3" name="Test" time="24.288" errors="0" timestamp="2022-12-19T21:32:59 IST">
  <testcase classname="com.qa.tests.LoginTests" name="invalidPassword" time="4.466"/>
  <testcase classname="com.qa.tests.LoginTests" name="invalidUserName" time="2.126"/>
  <testcase classname="com.qa.tests.LoginTests" name="successfulLogin" time="2.77"/>
</testsuite> <!-- Test -->
