<?xml version="1.0" encoding="UTF-8"?>
<testng-results ignored="0" total="2" passed="2" failed="0" skipped="0">
  <reporter-output>
  </reporter-output>
  <suite started-at="2023-01-12T09:24:25 IST" name="Suite" finished-at="2023-01-12T09:25:36 IST" duration-ms="71069">
    <groups>
    </groups>
    <test started-at="2023-01-12T09:24:25 IST" name="Test" finished-at="2023-01-12T09:25:36 IST" duration-ms="71069">
      <class name="com.qa.tests.ProductTests2">
        <test-method is-config="true" signature="beforeSuite()[pri:0, instance:com.qa.tests.ProductTests2@2aceadd4]" started-at="2023-01-12T09:24:11 IST" name="beforeSuite" finished-at="2023-01-12T09:24:25 IST" duration-ms="13884" status="PASS">
          <reporter-output>
          </reporter-output>
        </test-method> <!-- beforeSuite -->
        <test-method is-config="true" signature="beforeTest(java.lang.String,java.lang.String,java.lang.String,java.lang.String,java.lang.String,java.lang.String,java.lang.String,java.lang.String)[pri:0, instance:com.qa.tests.ProductTests2@2aceadd4]" started-at="2023-01-12T09:24:25 IST" name="beforeTest" finished-at="2023-01-12T09:25:03 IST" duration-ms="38476" status="PASS">
          <params>
            <param index="0">
              <value>
                <![CDATA[true]]>
              </value>
            </param>
            <param index="1">
              <value>
                <![CDATA[Android]]>
              </value>
            </param>
            <param index="2">
              <value>
                <![CDATA[emulator-5554]]>
              </value>
            </param>
            <param index="3">
              <value>
                <![CDATA[Pixel_XL]]>
              </value>
            </param>
            <param index="4">
              <value>
                <![CDATA[10000]]>
              </value>
            </param>
            <param index="5">
              <value>
                <![CDATA[11000]]>
              </value>
            </param>
            <param index="6">
              <value>
                <![CDATA[iOSOnly]]>
              </value>
            </param>
            <param index="7">
              <value>
                <![CDATA[iOSOnly]]>
              </value>
            </param>
          </params>
          <reporter-output>
          </reporter-output>
        </test-method> <!-- beforeTest -->
        <test-method is-config="true" signature="beforeClass()[pri:0, instance:com.qa.tests.ProductTests2@2aceadd4]" started-at="2023-01-12T09:25:03 IST" name="beforeClass" finished-at="2023-01-12T09:25:03 IST" duration-ms="4" status="PASS">
          <reporter-output>
          </reporter-output>
        </test-method> <!-- beforeClass -->
        <test-method is-config="true" signature="beforeMethod()[pri:0, instance:com.qa.tests.ProductTests2@2aceadd4]" started-at="2023-01-12T09:25:03 IST" name="beforeMethod" finished-at="2023-01-12T09:25:04 IST" duration-ms="1030" status="PASS">
          <reporter-output>
          </reporter-output>
        </test-method> <!-- beforeMethod -->
        <test-method is-config="true" signature="beforeMethod(java.lang.reflect.Method)[pri:0, instance:com.qa.tests.ProductTests2@2aceadd4]" started-at="2023-01-12T09:25:04 IST" name="beforeMethod" finished-at="2023-01-12T09:25:10 IST" duration-ms="5411" status="PASS">
          <params>
            <param index="0">
              <value>
                <![CDATA[public void com.qa.tests.ProductTests2.validateProductOnProductDetailsPage()]]>
              </value>
            </param>
          </params>
          <reporter-output>
          </reporter-output>
        </test-method> <!-- beforeMethod -->
        <test-method signature="validateProductOnProductDetailsPage()[pri:0, instance:com.qa.tests.ProductTests2@2aceadd4]" started-at="2023-01-12T09:25:10 IST" name="validateProductOnProductDetailsPage" finished-at="2023-01-12T09:25:18 IST" duration-ms="8515" status="PASS">
          <reporter-output>
          </reporter-output>
        </test-method> <!-- validateProductOnProductDetailsPage -->
        <test-method is-config="true" signature="afterMethod()[pri:0, instance:com.qa.tests.ProductTests2@2aceadd4]" started-at="2023-01-12T09:25:18 IST" name="afterMethod" finished-at="2023-01-12T09:25:22 IST" duration-ms="3814" status="PASS">
          <reporter-output>
          </reporter-output>
        </test-method> <!-- afterMethod -->
        <test-method is-config="true" signature="afterMethod(org.testng.ITestResult)[pri:0, instance:com.qa.tests.ProductTests2@2aceadd4]" started-at="2023-01-12T09:25:22 IST" name="afterMethod" finished-at="2023-01-12T09:25:24 IST" duration-ms="1530" status="PASS">
          <params>
            <param index="0">
              <value>
                <![CDATA[[TestResult name=validateProductOnProductDetailsPage status=SUCCESS method=ProductTests2.validateProductOnProductDetailsPage()[pri:0, instance:com.qa.tests.ProductTests2@2aceadd4] output={null}]]]>
              </value>
            </param>
          </params>
          <reporter-output>
          </reporter-output>
        </test-method> <!-- afterMethod -->
        <test-method is-config="true" signature="beforeMethod()[pri:0, instance:com.qa.tests.ProductTests2@2aceadd4]" started-at="2023-01-12T09:25:24 IST" name="beforeMethod" finished-at="2023-01-12T09:25:24 IST" duration-ms="725" status="PASS">
          <reporter-output>
          </reporter-output>
        </test-method> <!-- beforeMethod -->
        <test-method is-config="true" signature="beforeMethod(java.lang.reflect.Method)[pri:0, instance:com.qa.tests.ProductTests2@2aceadd4]" started-at="2023-01-12T09:25:24 IST" name="beforeMethod" finished-at="2023-01-12T09:25:30 IST" duration-ms="5757" status="PASS">
          <params>
            <param index="0">
              <value>
                <![CDATA[public void com.qa.tests.ProductTests2.validateProductOnProductsPage()]]>
              </value>
            </param>
          </params>
          <reporter-output>
          </reporter-output>
        </test-method> <!-- beforeMethod -->
        <test-method signature="validateProductOnProductsPage()[pri:0, instance:com.qa.tests.ProductTests2@2aceadd4]" started-at="2023-01-12T09:25:30 IST" name="validateProductOnProductsPage" finished-at="2023-01-12T09:25:32 IST" duration-ms="1579" status="PASS">
          <reporter-output>
          </reporter-output>
        </test-method> <!-- validateProductOnProductsPage -->
        <test-method is-config="true" signature="afterMethod()[pri:0, instance:com.qa.tests.ProductTests2@2aceadd4]" started-at="2023-01-12T09:25:32 IST" name="afterMethod" finished-at="2023-01-12T09:25:34 IST" duration-ms="2552" status="PASS">
          <reporter-output>
          </reporter-output>
        </test-method> <!-- afterMethod -->
        <test-method is-config="true" signature="afterMethod(org.testng.ITestResult)[pri:0, instance:com.qa.tests.ProductTests2@2aceadd4]" started-at="2023-01-12T09:25:34 IST" name="afterMethod" finished-at="2023-01-12T09:25:36 IST" duration-ms="1278" status="PASS">
          <params>
            <param index="0">
              <value>
                <![CDATA[[TestResult name=validateProductOnProductsPage status=SUCCESS method=ProductTests2.validateProductOnProductsPage()[pri:0, instance:com.qa.tests.ProductTests2@2aceadd4] output={null}]]]>
              </value>
            </param>
          </params>
          <reporter-output>
          </reporter-output>
        </test-method> <!-- afterMethod -->
        <test-method is-config="true" signature="afterClass()[pri:0, instance:com.qa.tests.ProductTests2@2aceadd4]" started-at="2023-01-12T09:25:36 IST" name="afterClass" finished-at="2023-01-12T09:25:36 IST" duration-ms="0" status="PASS">
          <reporter-output>
          </reporter-output>
        </test-method> <!-- afterClass -->
        <test-method is-config="true" signature="afterTest()[pri:0, instance:com.qa.tests.ProductTests2@2aceadd4]" started-at="2023-01-12T09:25:36 IST" name="afterTest" finished-at="2023-01-12T09:25:36 IST" duration-ms="364" status="PASS">
          <reporter-output>
          </reporter-output>
        </test-method> <!-- afterTest -->
        <test-method is-config="true" signature="afterSuite()[pri:0, instance:com.qa.tests.ProductTests2@2aceadd4]" started-at="2023-01-12T09:25:36 IST" name="afterSuite" finished-at="2023-01-12T09:25:36 IST" duration-ms="68" status="PASS">
          <reporter-output>
          </reporter-output>
        </test-method> <!-- afterSuite -->
      </class> <!-- com.qa.tests.ProductTests2 -->
    </test> <!-- Test -->
  </suite> <!-- Suite -->
</testng-results>
