<?xml version="1.0" encoding="UTF-8"?>
<testng-results ignored="0" total="3" passed="3" failed="0" skipped="0">
  <reporter-output>
  </reporter-output>
  <suite started-at="2022-12-19T23:34:54 IST" name="Suite" finished-at="2022-12-19T23:35:14 IST" duration-ms="20041">
    <groups>
    </groups>
    <test started-at="2022-12-19T23:34:54 IST" name="Test" finished-at="2022-12-19T23:35:14 IST" duration-ms="20041">
      <class name="com.qa.tests.LoginTests">
        <test-method is-config="true" signature="beforeClass(java.lang.String,java.lang.String,java.lang.String)[pri:0, instance:com.qa.tests.LoginTests@4d9e68d0]" started-at="2022-12-19T23:34:54 IST" name="beforeClass" finished-at="2022-12-19T23:35:05 IST" duration-ms="11137" status="PASS">
          <params>
            <param index="0">
              <value>
                <![CDATA[Android]]>
              </value>
            </param>
            <param index="1">
              <value>
                <![CDATA[11.0]]>
              </value>
            </param>
            <param index="2">
              <value>
                <![CDATA[One Plus 7T]]>
              </value>
            </param>
          </params>
          <reporter-output>
          </reporter-output>
        </test-method> <!-- beforeClass -->
        <test-method is-config="true" signature="beforeMethod(java.lang.reflect.Method)[pri:0, instance:com.qa.tests.LoginTests@4d9e68d0]" started-at="2022-12-19T23:35:05 IST" name="beforeMethod" finished-at="2022-12-19T23:35:05 IST" duration-ms="152" status="PASS">
          <params>
            <param index="0">
              <value>
                <![CDATA[public void com.qa.tests.LoginTests.invalidPassword()]]>
              </value>
            </param>
          </params>
          <reporter-output>
          </reporter-output>
        </test-method> <!-- beforeMethod -->
        <test-method signature="invalidPassword()[pri:0, instance:com.qa.tests.LoginTests@4d9e68d0]" started-at="2022-12-19T23:35:05 IST" name="invalidPassword" finished-at="2022-12-19T23:35:08 IST" duration-ms="3099" status="PASS">
          <reporter-output>
          </reporter-output>
        </test-method> <!-- invalidPassword -->
        <test-method is-config="true" signature="afterMethod()[pri:0, instance:com.qa.tests.LoginTests@4d9e68d0]" started-at="2022-12-19T23:35:08 IST" name="afterMethod" finished-at="2022-12-19T23:35:08 IST" duration-ms="0" status="PASS">
          <reporter-output>
          </reporter-output>
        </test-method> <!-- afterMethod -->
        <test-method is-config="true" signature="beforeMethod(java.lang.reflect.Method)[pri:0, instance:com.qa.tests.LoginTests@4d9e68d0]" started-at="2022-12-19T23:35:08 IST" name="beforeMethod" finished-at="2022-12-19T23:35:08 IST" duration-ms="2" status="PASS">
          <params>
            <param index="0">
              <value>
                <![CDATA[public void com.qa.tests.LoginTests.invalidUserName()]]>
              </value>
            </param>
          </params>
          <reporter-output>
          </reporter-output>
        </test-method> <!-- beforeMethod -->
        <test-method signature="invalidUserName()[pri:0, instance:com.qa.tests.LoginTests@4d9e68d0]" started-at="2022-12-19T23:35:08 IST" name="invalidUserName" finished-at="2022-12-19T23:35:11 IST" duration-ms="2401" status="PASS">
          <reporter-output>
          </reporter-output>
        </test-method> <!-- invalidUserName -->
        <test-method is-config="true" signature="afterMethod()[pri:0, instance:com.qa.tests.LoginTests@4d9e68d0]" started-at="2022-12-19T23:35:11 IST" name="afterMethod" finished-at="2022-12-19T23:35:11 IST" duration-ms="0" status="PASS">
          <reporter-output>
          </reporter-output>
        </test-method> <!-- afterMethod -->
        <test-method is-config="true" signature="beforeMethod(java.lang.reflect.Method)[pri:0, instance:com.qa.tests.LoginTests@4d9e68d0]" started-at="2022-12-19T23:35:11 IST" name="beforeMethod" finished-at="2022-12-19T23:35:11 IST" duration-ms="1" status="PASS">
          <params>
            <param index="0">
              <value>
                <![CDATA[public void com.qa.tests.LoginTests.successfulLogin()]]>
              </value>
            </param>
          </params>
          <reporter-output>
          </reporter-output>
        </test-method> <!-- beforeMethod -->
        <test-method signature="successfulLogin()[pri:0, instance:com.qa.tests.LoginTests@4d9e68d0]" started-at="2022-12-19T23:35:11 IST" name="successfulLogin" finished-at="2022-12-19T23:35:13 IST" duration-ms="2502" status="PASS">
          <reporter-output>
          </reporter-output>
        </test-method> <!-- successfulLogin -->
        <test-method is-config="true" signature="afterMethod()[pri:0, instance:com.qa.tests.LoginTests@4d9e68d0]" started-at="2022-12-19T23:35:13 IST" name="afterMethod" finished-at="2022-12-19T23:35:13 IST" duration-ms="0" status="PASS">
          <reporter-output>
          </reporter-output>
        </test-method> <!-- afterMethod -->
        <test-method is-config="true" signature="afterClass()[pri:0, instance:com.qa.tests.LoginTests@4d9e68d0]" started-at="2022-12-19T23:35:13 IST" name="afterClass" finished-at="2022-12-19T23:35:14 IST" duration-ms="717" status="PASS">
          <reporter-output>
          </reporter-output>
        </test-method> <!-- afterClass -->
      </class> <!-- com.qa.tests.LoginTests -->
    </test> <!-- Test -->
  </suite> <!-- Suite -->
</testng-results>
